<?xml version="1.0" encoding="UTF-8"?>
<!-- Generated by org.testng.reporters.JUnitXMLReporter -->
<testsuite ignored="3" hostname="LAPTOP-DS508BJT" failures="0" tests="1" name="Test" time="0.182" errors="0" timestamp="2021-03-22T17:45:08 IST">
  <testcase classname="day10.Grouping" name="f2" time="0.08"/>
  <testcase classname="day10.Grouping" name="f1" time="0.0">
    <ignored/>
  </testcase> <!-- f1 -->
  <testcase classname="day10.Grouping" name="f3" time="0.0">
    <ignored/>
  </testcase> <!-- f3 -->
  <testcase classname="day10.Grouping" name="f4" time="0.0">
    <ignored/>
  </testcase> <!-- f4 -->
</testsuite> <!-- Test -->
