<?xml version="1.0" encoding="UTF-8"?>
<testng-results skipped="0" failed="0" ignored="0" total="1" passed="1">
  <reporter-output>
  </reporter-output>
  <suite name="Suite" duration-ms="5898" started-at="2021-04-23T10:00:44 IST" finished-at="2021-04-23T10:00:50 IST">
    <groups>
    </groups>
    <test name="Test" duration-ms="5898" started-at="2021-04-23T10:00:44 IST" finished-at="2021-04-23T10:00:50 IST">
      <class name="day10.BingTest">
        <test-method status="PASS" signature="beforeTest()[pri:0, instance:day10.BingTest@327b636c]" name="beforeTest" is-config="true" duration-ms="1800" started-at="2021-04-23T10:00:44 IST" finished-at="2021-04-23T10:00:46 IST">
          <reporter-output>
          </reporter-output>
        </test-method> <!-- beforeTest -->
        <test-method status="PASS" signature="googleTest()[pri:0, instance:day10.BingTest@327b636c]" name="googleTest" duration-ms="3988" started-at="2021-04-23T10:00:46 IST" finished-at="2021-04-23T10:00:50 IST">
          <reporter-output>
          </reporter-output>
        </test-method> <!-- googleTest -->
      </class> <!-- day10.BingTest -->
    </test> <!-- Test -->
  </suite> <!-- Suite -->
</testng-results>
