<?xml version="1.0" encoding="UTF-8"?>
<testng-results ignored="0" total="1" passed="1" failed="0" skipped="0">
  <reporter-output>
  </reporter-output>
  <suite started-at="2021-04-11T19:38:32 IST" name="Default suite" finished-at="2021-04-11T19:38:40 IST" duration-ms="7797">
    <groups>
    </groups>
    <test started-at="2021-04-11T19:38:32 IST" name="Default test" finished-at="2021-04-11T19:38:40 IST" duration-ms="7797">
      <class name="day10.BingTest">
        <test-method is-config="true" signature="beforeTest()[pri:0, instance:day10.BingTest@5f0fd5a0]" started-at="2021-04-11T19:38:32 IST" name="beforeTest" finished-at="2021-04-11T19:38:34 IST" duration-ms="1433" status="PASS">
          <reporter-output>
          </reporter-output>
        </test-method> <!-- beforeTest -->
        <test-method signature="googleTest()[pri:0, instance:day10.BingTest@5f0fd5a0]" started-at="2021-04-11T19:38:34 IST" name="googleTest" finished-at="2021-04-11T19:38:40 IST" duration-ms="6255" status="PASS">
          <reporter-output>
          </reporter-output>
        </test-method> <!-- googleTest -->
      </class> <!-- day10.BingTest -->
    </test> <!-- Default test -->
  </suite> <!-- Default suite -->
</testng-results>
